[02:00:08] ========================================================================
[02:00:08]   S1-S8 Pipeline -- 8 steps  |  0.02h/step  |  20260320_020008
[02:00:08] ========================================================================
[02:00:08]   Log: C:\Dropbox\Personal Projects\Robotics\wheeled-leg-robot\simulation\mujoco\latency_sensitivity\logs\pipeline_20260320_020008.log
[02:00:08]   Steps: ['S1', 'S2', 'S3', 'S4', 'S5', 'S6', 'S7', 'S8']
[02:00:08]   patience=30  tol=0.0001  fresh=True
[02:00:08] ========================================================================
[02:00:08]   [1/8] S1 -- optimize_lqr.py -- 1_LQR_pitch_step
[02:00:08] ========================================================================
[02:00:08]   Deleted S1_LQR_pitch_step.csv (--fresh)
[02:00:08]   CMD: C:\Users\ferna\AppData\Local\Microsoft\WindowsApps\PythonSoftwareFoundation.Python.3.13_qbz5n2kfra8p0\python.exe C:\Dropbox\Personal Projects\Robotics\wheeled-leg-robot\simulation\mujoco\latency_sensitivity\optimize_lqr.py --scenario 1_LQR_pitch_step --hours 0.017 --patience 30 --tol 0.0001
[02:00:17]   Step S1 done in 0.2 min — best: Q_PITCH=0.194156,Q_PITCH_RATE=0.040843,Q_VEL=1.4e-05,R=2.955371
[02:00:17] ========================================================================
[02:00:17]   [2/8] S2 -- optimize_lqr.py -- 2_leg_height_gain_sched
[02:00:17] ========================================================================
[02:00:17]   Seeding from S1: Q_PITCH=0.194156,Q_PITCH_RATE=0.040843,Q_VEL=1.4e-05,R=2.955371
[02:00:17]   Deleted S2_leg_height_gain_sched.csv (--fresh)
[02:00:17]   CMD: C:\Users\ferna\AppData\Local\Microsoft\WindowsApps\PythonSoftwareFoundation.Python.3.13_qbz5n2kfra8p0\python.exe C:\Dropbox\Personal Projects\Robotics\wheeled-leg-robot\simulation\mujoco\latency_sensitivity\optimize_lqr.py --scenario 2_leg_height_gain_sched --hours 0.017 --patience 30 --tol 0.0001 --seed-gains Q_PITCH=0.194156,Q_PITCH_RATE=0.040843,Q_VEL=1.4e-05,R=2.955371
[02:01:04]   Step S2 done in 0.8 min — best: Q_PITCH=167.0954,Q_PITCH_RATE=2.5e-05,Q_VEL=2.5e-05,R=11.442297
[02:01:04]   [BASELINE] Writing to sim_config.py:
[02:01:04]     LQR_Q_PITCH = 167.0954
[02:01:04]     LQR_Q_PITCH_RATE = 2.5e-05
[02:01:04]     LQR_Q_VEL = 2.5e-05
[02:01:04]     LQR_R = 11.442297
[02:01:04]   sim_config.py updated.
[02:01:04] ========================================================================
[02:01:04]   [3/8] S3 -- optimize_vel_pi.py -- 3_VEL_PI_disturbance
[02:01:04] ========================================================================
[02:01:04]   Deleted S3_VEL_PI_disturbance.csv (--fresh)
[02:01:04]   CMD: C:\Users\ferna\AppData\Local\Microsoft\WindowsApps\PythonSoftwareFoundation.Python.3.13_qbz5n2kfra8p0\python.exe C:\Dropbox\Personal Projects\Robotics\wheeled-leg-robot\simulation\mujoco\latency_sensitivity\optimize_vel_pi.py --scenario 3_VEL_PI_disturbance --hours 0.017 --patience 30 --tol 0.0001
[02:01:05]   ERROR: optimizer exited with code 1
[02:01:05]   FAILED: S3 produced no usable result — continuing to next step
[02:01:05] ========================================================================
[02:01:05]   [4/8] S4 -- optimize_vel_pi.py -- 4_VEL_PI_staircase
[02:01:05] ========================================================================
[02:01:05]   WARNING: S3 has no result yet — starting from sim_config baseline
[02:01:05]   Deleted S4_VEL_PI_staircase.csv (--fresh)
[02:01:05]   CMD: C:\Users\ferna\AppData\Local\Microsoft\WindowsApps\PythonSoftwareFoundation.Python.3.13_qbz5n2kfra8p0\python.exe C:\Dropbox\Personal Projects\Robotics\wheeled-leg-robot\simulation\mujoco\latency_sensitivity\optimize_vel_pi.py --scenario 4_VEL_PI_staircase --hours 0.017 --patience 30 --tol 0.0001
[02:01:38]   Step S4 done in 0.5 min — best: KP_V=0.001185,KI_V=0.000541
[02:01:38] ========================================================================
[02:01:38]   [5/8] S5 -- optimize_vel_pi.py -- 5_VEL_PI_leg_cycling
[02:01:38] ========================================================================
[02:01:38]   Seeding from S4: KP_V=0.001185,KI_V=0.000541
[02:01:38]   Deleted S5_VEL_PI_leg_cycling.csv (--fresh)
[02:01:38]   CMD: C:\Users\ferna\AppData\Local\Microsoft\WindowsApps\PythonSoftwareFoundation.Python.3.13_qbz5n2kfra8p0\python.exe C:\Dropbox\Personal Projects\Robotics\wheeled-leg-robot\simulation\mujoco\latency_sensitivity\optimize_vel_pi.py --scenario 5_VEL_PI_leg_cycling --hours 0.017 --patience 30 --tol 0.0001 --seed-gains KP_V=0.001185,KI_V=0.000541
[02:02:10]   Step S5 done in 0.5 min — best: KP_V=0.001,KI_V=0.003538
[02:02:10]   [BASELINE] Writing to sim_config.py:
[02:02:10]     VELOCITY_PI_KP = 0.001
[02:02:10]     VELOCITY_PI_KI = 0.003538
[02:02:10]   WARNING: could not find 'VELOCITY_PI_KP' in sim_config.py to replace
[02:02:10]   sim_config.py updated.
[02:02:10] ========================================================================
[02:02:10]   [6/8] S6 -- optimize_yaw_pi.py -- 6_YAW_PI_turn
[02:02:10] ========================================================================
[02:02:10]   Deleted S6_YAW_PI_turn.csv (--fresh)
[02:02:10]   CMD: C:\Users\ferna\AppData\Local\Microsoft\WindowsApps\PythonSoftwareFoundation.Python.3.13_qbz5n2kfra8p0\python.exe C:\Dropbox\Personal Projects\Robotics\wheeled-leg-robot\simulation\mujoco\latency_sensitivity\optimize_yaw_pi.py --scenario 6_YAW_PI_turn --hours 0.017 --patience 30 --tol 0.0001
[02:02:32]   ERROR: no PASS result found in S6_YAW_PI_turn.csv after optimization
[02:02:32]   FAILED: S6 produced no usable result — continuing to next step
[02:02:32] ========================================================================
[02:02:32]   [7/8] S7 -- optimize_yaw_pi.py -- 7_DRIVE_TURN
[02:02:32] ========================================================================
[02:02:32]   WARNING: S6 has no result yet — starting from sim_config baseline
[02:02:32]   Deleted S7_DRIVE_TURN.csv (--fresh)
[02:02:32]   CMD: C:\Users\ferna\AppData\Local\Microsoft\WindowsApps\PythonSoftwareFoundation.Python.3.13_qbz5n2kfra8p0\python.exe C:\Dropbox\Personal Projects\Robotics\wheeled-leg-robot\simulation\mujoco\latency_sensitivity\optimize_yaw_pi.py --scenario 7_DRIVE_TURN --hours 0.017 --patience 30 --tol 0.0001
[02:03:09]   ERROR: no PASS result found in S7_DRIVE_TURN.csv after optimization
[02:03:09]   FAILED: S7 produced no usable result — continuing to next step
[02:03:09] ========================================================================
[02:03:09]   [8/8] S8 -- optimize_suspension.py -- 8_terrain_compliance
[02:03:09] ========================================================================
[02:03:09]   Deleted S8_terrain_compliance.csv (--fresh)
[02:03:09]   CMD: C:\Users\ferna\AppData\Local\Microsoft\WindowsApps\PythonSoftwareFoundation.Python.3.13_qbz5n2kfra8p0\python.exe C:\Dropbox\Personal Projects\Robotics\wheeled-leg-robot\simulation\mujoco\latency_sensitivity\optimize_suspension.py --scenario 8_terrain_compliance --hours 0.017 --patience 30 --tol 0.0001
[02:04:12]   ERROR: no PASS result found in S8_terrain_compliance.csv after optimization
[02:04:12]   FAILED: S8 produced no usable result — continuing to next step
[02:04:12] ========================================================================
[02:04:12]   Pipeline complete — 4 min total
[02:04:12] ========================================================================
[02:04:12]   S1: Q_PITCH=0.194156,Q_PITCH_RATE=0.040843,Q_VEL=1.4e-05,R=2.955371
[02:04:12]   S2 [BASELINED]: Q_PITCH=167.0954,Q_PITCH_RATE=2.5e-05,Q_VEL=2.5e-05,R=11.442297
[02:04:12]   S4: KP_V=0.001185,KI_V=0.000541
[02:04:12]   S5 [BASELINED]: KP_V=0.001,KI_V=0.003538
[02:04:12] 
  FAILED steps: ['S3', 'S6', 'S7', 'S8']
[02:04:12]   Re-run with --start <first_failed> to retry.
