[11:05:24] ========================================================================
[11:05:24]   S1-S8 Pipeline -- 8 steps  |  0.05h/step  |  20260320_110524
[11:05:24] ========================================================================
[11:05:24]   Log: C:\Dropbox\Personal Projects\Robotics\wheeled-leg-robot\simulation\mujoco\latency_sensitivity\logs\pipeline_20260320_110524.log
[11:05:24]   Steps: ['S1', 'S2', 'S3', 'S4', 'S5', 'S6', 'S7', 'S8']
[11:05:24]   patience=200  tol=0.0001  fresh=True
[11:05:24] ========================================================================
[11:05:24]   [1/8] S1 -- optimize_lqr.py -- 1_LQR_pitch_step
[11:05:24] ========================================================================
[11:05:24]   CMD: C:\Users\ferna\AppData\Local\Microsoft\WindowsApps\PythonSoftwareFoundation.Python.3.13_qbz5n2kfra8p0\python.exe C:\Dropbox\Personal Projects\Robotics\wheeled-leg-robot\simulation\mujoco\latency_sensitivity\optimize_lqr.py --scenario 1_LQR_pitch_step --hours 0.05 --patience 200 --tol 0.0001
[11:08:25]   ERROR: no PASS result found in S1_LQR_pitch_step.csv after optimization
[11:08:25]   FAILED: S1 produced no usable result — continuing to next step
[11:08:25] ========================================================================
[11:08:25]   [2/8] S2 -- optimize_lqr.py -- 2_leg_height_gain_sched
[11:08:25] ========================================================================
[11:08:25]   WARNING: S1 has no result yet — starting from sim_config baseline
[11:08:25]   CMD: C:\Users\ferna\AppData\Local\Microsoft\WindowsApps\PythonSoftwareFoundation.Python.3.13_qbz5n2kfra8p0\python.exe C:\Dropbox\Personal Projects\Robotics\wheeled-leg-robot\simulation\mujoco\latency_sensitivity\optimize_lqr.py --scenario 2_leg_height_gain_sched --hours 0.05 --patience 200 --tol 0.0001
[11:11:26]   ERROR: no PASS result found in S2_leg_height_gain_sched.csv after optimization
[11:11:26]   FAILED: S2 produced no usable result — continuing to next step
[11:11:26] ========================================================================
[11:11:26]   [3/8] S3 -- optimize_vel_pi.py -- 3_VEL_PI_disturbance
[11:11:26] ========================================================================
[11:11:26]   Deleted S3_VEL_PI_disturbance.csv (--fresh)
[11:11:26]   CMD: C:\Users\ferna\AppData\Local\Microsoft\WindowsApps\PythonSoftwareFoundation.Python.3.13_qbz5n2kfra8p0\python.exe C:\Dropbox\Personal Projects\Robotics\wheeled-leg-robot\simulation\mujoco\latency_sensitivity\optimize_vel_pi.py --scenario 3_VEL_PI_disturbance --hours 0.05 --patience 200 --tol 0.0001
[11:14:28]   Step S3 done in 3.0 min — best: KP_V=0.010176,KI_V=0.002196
[11:14:28] ========================================================================
[11:14:28]   [4/8] S4 -- optimize_vel_pi.py -- 4_VEL_PI_staircase
[11:14:28] ========================================================================
[11:14:28]   Seeding from S3: KP_V=0.010176,KI_V=0.002196
[11:14:28]   Deleted S4_VEL_PI_staircase.csv (--fresh)
[11:14:28]   CMD: C:\Users\ferna\AppData\Local\Microsoft\WindowsApps\PythonSoftwareFoundation.Python.3.13_qbz5n2kfra8p0\python.exe C:\Dropbox\Personal Projects\Robotics\wheeled-leg-robot\simulation\mujoco\latency_sensitivity\optimize_vel_pi.py --scenario 4_VEL_PI_staircase --hours 0.05 --patience 200 --tol 0.0001 --seed-gains KP_V=0.010176,KI_V=0.002196
[11:17:30]   Step S4 done in 3.0 min — best: KP_V=0.014103,KI_V=0.000136
[11:17:30] ========================================================================
[11:17:30]   [5/8] S5 -- optimize_vel_pi.py -- 5_VEL_PI_leg_cycling
[11:17:30] ========================================================================
[11:17:30]   Seeding from S4: KP_V=0.014103,KI_V=0.000136
[11:17:30]   Deleted S5_VEL_PI_leg_cycling.csv (--fresh)
[11:17:30]   CMD: C:\Users\ferna\AppData\Local\Microsoft\WindowsApps\PythonSoftwareFoundation.Python.3.13_qbz5n2kfra8p0\python.exe C:\Dropbox\Personal Projects\Robotics\wheeled-leg-robot\simulation\mujoco\latency_sensitivity\optimize_vel_pi.py --scenario 5_VEL_PI_leg_cycling --hours 0.05 --patience 200 --tol 0.0001 --seed-gains KP_V=0.014103,KI_V=0.000136
[11:20:32]   Step S5 done in 3.0 min — best: KP_V=0.028547,KI_V=0.0002
[11:20:32]   [BASELINE] Writing to sim_config.py:
[11:20:32]     VELOCITY_PI_KP = 0.028547
[11:20:32]     VELOCITY_PI_KI = 0.0002
[11:20:32]   sim_config.py updated.
[11:20:32] ========================================================================
[11:20:32]   [6/8] S6 -- optimize_yaw_pi.py -- 6_YAW_PI_turn
[11:20:32] ========================================================================
[11:20:32]   CMD: C:\Users\ferna\AppData\Local\Microsoft\WindowsApps\PythonSoftwareFoundation.Python.3.13_qbz5n2kfra8p0\python.exe C:\Dropbox\Personal Projects\Robotics\wheeled-leg-robot\simulation\mujoco\latency_sensitivity\optimize_yaw_pi.py --scenario 6_YAW_PI_turn --hours 0.05 --patience 200 --tol 0.0001
[11:23:33]   Step S6 done in 3.0 min — best: KP_YAW=10.028146,KI_YAW=0.35138
[11:23:33] ========================================================================
[11:23:33]   [7/8] S7 -- optimize_yaw_pi.py -- 7_DRIVE_TURN
[11:23:33] ========================================================================
[11:23:33]   Seeding from S6: KP_YAW=10.028146,KI_YAW=0.35138
[11:23:33]   CMD: C:\Users\ferna\AppData\Local\Microsoft\WindowsApps\PythonSoftwareFoundation.Python.3.13_qbz5n2kfra8p0\python.exe C:\Dropbox\Personal Projects\Robotics\wheeled-leg-robot\simulation\mujoco\latency_sensitivity\optimize_yaw_pi.py --scenario 7_DRIVE_TURN --hours 0.05 --patience 200 --tol 0.0001 --seed-gains KP_YAW=10.028146,KI_YAW=0.35138
[11:26:34]   Step S7 done in 3.0 min — best: KP_YAW=7.442615,KI_YAW=6.496905
[11:26:34]   [BASELINE] Writing to sim_config.py:
[11:26:34]     YAW_PI_KP = 7.442615
[11:26:34]     YAW_PI_KI = 6.496905
[11:26:34]   sim_config.py updated.
[11:26:34] ========================================================================
[11:26:34]   [8/8] S8 -- optimize_suspension.py -- 8_terrain_compliance
[11:26:34] ========================================================================
[11:26:34]   CMD: C:\Users\ferna\AppData\Local\Microsoft\WindowsApps\PythonSoftwareFoundation.Python.3.13_qbz5n2kfra8p0\python.exe C:\Dropbox\Personal Projects\Robotics\wheeled-leg-robot\simulation\mujoco\latency_sensitivity\optimize_suspension.py --scenario 8_terrain_compliance --hours 0.05 --patience 200 --tol 0.0001
[11:29:36]   Step S8 done in 3.0 min — best: LEG_K_S=0.392245,LEG_B_S=1.833868,LEG_K_ROLL=4.491178,LEG_D_ROLL=0.578257
[11:29:36]   [BASELINE] Writing to sim_config.py:
[11:29:36]     LEG_K_S = 0.392245
[11:29:36]     LEG_B_S = 1.833868
[11:29:36]     LEG_K_ROLL = 4.491178
[11:29:36]     LEG_D_ROLL = 0.578257
[11:29:36]   sim_config.py updated.
[11:29:36] ========================================================================
[11:29:36]   Pipeline complete — 24 min total
[11:29:36] ========================================================================
[11:29:36]   S3: KP_V=0.010176,KI_V=0.002196
[11:29:36]   S4: KP_V=0.014103,KI_V=0.000136
[11:29:36]   S5 [BASELINED]: KP_V=0.028547,KI_V=0.0002
[11:29:36]   S6: KP_YAW=10.028146,KI_YAW=0.35138
[11:29:36]   S7 [BASELINED]: KP_YAW=7.442615,KI_YAW=6.496905
[11:29:36]   S8 [BASELINED]: LEG_K_S=0.392245,LEG_B_S=1.833868,LEG_K_ROLL=4.491178,LEG_D_ROLL=0.578257
[11:29:36] 
  FAILED steps: ['S1', 'S2']
[11:29:36]   Re-run with --start <first_failed> to retry.
