[20:43:26] ========================================================================
[20:43:26]   S1->S9 Pipeline  |  1 steps  |  0.08h/step  |  20260322_204326
[20:43:26] ========================================================================
[20:43:26]   Log: C:\Dropbox\Personal Projects\Robotics\wheeled-leg-robot\simulation\mujoco\master_sim\logs\pipeline_20260322_204326.log
[20:43:26]   Steps: ['S8']
[20:43:26] ========================================================================
[20:43:26]   [1/1] S8 — s08_terrain_compliance
[20:43:26] ========================================================================
[20:43:26]   Seeding from RANDOM: LEG_K_S=1.4734743,LEG_B_S=46.807162,LEG_K_ROLL=0.0017755263,LEG_D_ROLL=0.064696678
[20:43:26]   Deleted S_s08_terrain_compliance.csv (--fresh)
[20:43:26]   CMD: C:\Users\ferna\AppData\Local\Microsoft\WindowsApps\PythonSoftwareFoundation.Python.3.13_qbz5n2kfra8p0\python.exe -m master_sim.optimizer.optimize_suspension --scenario s08_terrain_compliance --hours 0.08333333333333333 --patience 50 --tol 0.0001 --workers 8 --seed-gains LEG_K_S=1.4734743,LEG_B_S=46.807162,LEG_K_ROLL=0.0017755263,LEG_D_ROLL=0.064696678
[20:48:31]   S8 done in 5.1 min — best: LEG_K_S=99.19482,LEG_B_S=1.4273176,LEG_K_ROLL=8.0215708,LEG_D_ROLL=0.0056459582
[20:48:31]   [BASELINE] S8: LEG_K_S=99.19482,LEG_B_S=1.4273176,LEG_K_ROLL=8.0215708,LEG_D_ROLL=0.0056459582
[20:48:31]   Wrote baseline gains into params.py
[20:48:31] ========================================================================
[20:48:31]   Pipeline complete — 5 min total
[20:48:31] ========================================================================
[20:48:31]   S1: Q_PITCH=0.31824234,Q_PITCH_RATE=8.6741191,Q_VEL=1.0272054e-07,R=7.0212944
[20:48:31]   S2 [BASELINE]: Q_PITCH=5.4025381,Q_PITCH_RATE=0.033407993,Q_VEL=0.0016521331,R=39.646999
[20:48:31]   S3: KP_V=0.011156208,KI_V=0.30819708,KFF_V=0.10849846
[20:48:31]   S6: KP_YAW=3.9993228,KI_YAW=1.5492402
[20:48:31]   S7 [BASELINE]: KP_YAW=0.19324586,KI_YAW=0.22121895
[20:48:31]   S8 [BASELINE]: LEG_K_S=99.19482,LEG_B_S=1.4273176,LEG_K_ROLL=8.0215708,LEG_D_ROLL=0.0056459582
[20:48:31] 
  All steps completed successfully.
