[13:39:52] ========================================================================
[13:39:52]   S1->S9 Pipeline  |  9 steps  |  0.07h/step  |  20260322_133952
[13:39:52] ========================================================================
[13:39:52]   Log: C:\Dropbox\Personal Projects\Robotics\wheeled-leg-robot\simulation\mujoco\master_sim\logs\pipeline_20260322_133952.log
[13:39:52]   Steps: ['S1', 'S2', 'S3', 'S4', 'S5', 'S6', 'S7', 'S8', 'S9']
[13:39:52] ========================================================================
[13:39:52]   [1/9] S1 — s01_lqr_pitch_step
[13:39:52] ========================================================================
[13:39:52]   Seeding from defaults: Q_PITCH=0.0436227,Q_PITCH_RATE=0.0492612,Q_VEL=0.00011401,R=1.56531
[13:39:52]   Deleted S_s01_lqr_pitch_step.csv (--fresh)
[13:39:52]   CMD: C:\Users\ferna\AppData\Local\Microsoft\WindowsApps\PythonSoftwareFoundation.Python.3.13_qbz5n2kfra8p0\python.exe -m master_sim.optimizer.optimize_lqr --scenario s01_lqr_pitch_step --hours 0.06666666666666667 --patience 200 --tol 0.0001 --workers 8 --seed-gains Q_PITCH=0.0436227,Q_PITCH_RATE=0.0492612,Q_VEL=0.00011401,R=1.56531
[13:43:57]   S1 done in 4.1 min — best: Q_PITCH=0.31824234,Q_PITCH_RATE=8.6741191,Q_VEL=1.0272054e-07,R=7.0212944
[13:43:57] ========================================================================
[13:43:57]   [2/9] S2 — s02_leg_height_gain_sched
[13:43:57] ========================================================================
[13:43:57]   Seeding from S1: Q_PITCH=0.31824234,Q_PITCH_RATE=8.6741191,Q_VEL=1.0272054e-07,R=7.0212944
[13:43:57]   Overlaid 4 keys from earlier steps: Q_PITCH=0.31824234,Q_PITCH_RATE=8.6741191,Q_VEL=1.0272054e-07,R=7.0212944
[13:43:57]   Deleted S_s02_leg_height_gain_sched.csv (--fresh)
[13:43:57]   CMD: C:\Users\ferna\AppData\Local\Microsoft\WindowsApps\PythonSoftwareFoundation.Python.3.13_qbz5n2kfra8p0\python.exe -m master_sim.optimizer.optimize_lqr --scenario s02_leg_height_gain_sched --hours 0.06666666666666667 --patience 200 --tol 0.0001 --workers 8 --seed-gains Q_PITCH=0.31824234,Q_PITCH_RATE=8.6741191,Q_VEL=1.0272054e-07,R=7.0212944
[13:48:04]   S2 done in 4.1 min — best: Q_PITCH=5.4025381,Q_PITCH_RATE=0.033407993,Q_VEL=0.0016521331,R=39.646999
[13:48:04]   [BASELINE] S2: Q_PITCH=5.4025381,Q_PITCH_RATE=0.033407993,Q_VEL=0.0016521331,R=39.646999
[13:48:04]   Wrote baseline gains into params.py
[13:48:04] ========================================================================
[13:48:04]   [3/9] S3 — s03_vel_pi_disturbance
[13:48:04] ========================================================================
[13:48:04]   Seeding from defaults: KP_V=0.00803185,KI_V=0.0473456
[13:48:04]   Deleted S_s03_vel_pi_disturbance.csv (--fresh)
[13:48:04]   CMD: C:\Users\ferna\AppData\Local\Microsoft\WindowsApps\PythonSoftwareFoundation.Python.3.13_qbz5n2kfra8p0\python.exe -m master_sim.optimizer.optimize_vel_pi --scenario s03_vel_pi_disturbance --hours 0.06666666666666667 --patience 200 --tol 0.0001 --workers 8 --seed-gains KP_V=0.00803185,KI_V=0.0473456
[13:52:09]   S3 done in 4.1 min — best: KP_V=0.19211455,KI_V=1.2621865
[13:52:09] ========================================================================
[13:52:09]   [4/9] S4 — s04_vel_pi_staircase
[13:52:09] ========================================================================
[13:52:09]   Seeding from S3: KP_V=0.19211455,KI_V=1.2621865
[13:52:09]   Overlaid 2 keys from earlier steps: KP_V=0.19211455,KI_V=1.2621865
[13:52:09]   Deleted S_s04_vel_pi_staircase.csv (--fresh)
[13:52:09]   CMD: C:\Users\ferna\AppData\Local\Microsoft\WindowsApps\PythonSoftwareFoundation.Python.3.13_qbz5n2kfra8p0\python.exe -m master_sim.optimizer.optimize_vel_pi --scenario s04_vel_pi_staircase --hours 0.06666666666666667 --patience 200 --tol 0.0001 --workers 8 --seed-gains KP_V=0.19211455,KI_V=1.2621865
[13:56:15]   S4 done in 4.1 min — best: KP_V=0.16014877,KI_V=0.062111477
[13:56:15] ========================================================================
[13:56:15]   [5/9] S5 — s05_vel_pi_leg_cycling
[13:56:15] ========================================================================
[13:56:15]   Seeding from S4: KP_V=0.16014877,KI_V=0.062111477
[13:56:15]   Overlaid 4 keys from earlier steps: KP_V=0.19211455,KI_V=1.2621865
[13:56:15]   Deleted S_s05_vel_pi_leg_cycling.csv (--fresh)
[13:56:15]   CMD: C:\Users\ferna\AppData\Local\Microsoft\WindowsApps\PythonSoftwareFoundation.Python.3.13_qbz5n2kfra8p0\python.exe -m master_sim.optimizer.optimize_vel_pi --scenario s05_vel_pi_leg_cycling --hours 0.06666666666666667 --patience 200 --tol 0.0001 --workers 8 --seed-gains KP_V=0.19211455,KI_V=1.2621865
[14:00:19]   S5 done in 4.1 min — best: KP_V=0.1787111,KI_V=0.040747381
[14:00:19]   [BASELINE] S5: KP_V=0.1787111,KI_V=0.040747381
[14:00:19]   Wrote baseline gains into params.py
[14:00:19] ========================================================================
[14:00:19]   [6/9] S6 — s06_yaw_pi_turn
[14:00:19] ========================================================================
[14:00:19]   Seeding from defaults: KP_YAW=0.338701,KI_YAW=0.0126353
[14:00:19]   Deleted S_s06_yaw_pi_turn.csv (--fresh)
[14:00:19]   CMD: C:\Users\ferna\AppData\Local\Microsoft\WindowsApps\PythonSoftwareFoundation.Python.3.13_qbz5n2kfra8p0\python.exe -m master_sim.optimizer.optimize_yaw_pi --scenario s06_yaw_pi_turn --hours 0.06666666666666667 --patience 200 --tol 0.0001 --workers 8 --seed-gains KP_YAW=0.338701,KI_YAW=0.0126353
[14:04:23]   S6 done in 4.1 min — best: KP_YAW=3.9993228,KI_YAW=1.5492402
[14:04:23] ========================================================================
[14:04:23]   [7/9] S7 — s07_drive_turn
[14:04:23] ========================================================================
[14:04:23]   Seeding from S6: KP_YAW=3.9993228,KI_YAW=1.5492402
[14:04:23]   Overlaid 2 keys from earlier steps: KP_YAW=3.9993228,KI_YAW=1.5492402
[14:04:23]   Deleted S_s07_drive_turn.csv (--fresh)
[14:04:23]   CMD: C:\Users\ferna\AppData\Local\Microsoft\WindowsApps\PythonSoftwareFoundation.Python.3.13_qbz5n2kfra8p0\python.exe -m master_sim.optimizer.optimize_yaw_pi --scenario s07_drive_turn --hours 0.06666666666666667 --patience 200 --tol 0.0001 --workers 8 --seed-gains KP_YAW=3.9993228,KI_YAW=1.5492402
[14:08:27]   S7 done in 4.1 min — best: KP_YAW=0.19324586,KI_YAW=0.22121895
[14:08:27]   [BASELINE] S7: KP_YAW=0.19324586,KI_YAW=0.22121895
[14:08:27]   Wrote baseline gains into params.py
[14:08:27] ========================================================================
[14:08:27]   [8/9] S8 — s08_terrain_compliance
[14:08:27] ========================================================================
[14:08:27]   Seeding from defaults: LEG_K_S=0.168118,LEG_B_S=4.30375,LEG_K_ROLL=39.8377,LEG_D_ROLL=94.7142
[14:08:27]   Deleted S_s08_terrain_compliance.csv (--fresh)
[14:08:27]   CMD: C:\Users\ferna\AppData\Local\Microsoft\WindowsApps\PythonSoftwareFoundation.Python.3.13_qbz5n2kfra8p0\python.exe -m master_sim.optimizer.optimize_suspension --scenario s08_terrain_compliance --hours 0.06666666666666667 --patience 200 --tol 0.0001 --workers 8 --seed-gains LEG_K_S=0.168118,LEG_B_S=4.30375,LEG_K_ROLL=39.8377,LEG_D_ROLL=94.7142
[14:12:32]   S8 done in 4.1 min — best: LEG_K_S=19.795856,LEG_B_S=0.077031016,LEG_K_ROLL=5.473532,LEG_D_ROLL=0.10116315
[14:12:32]   [BASELINE] S8: LEG_K_S=19.795856,LEG_B_S=0.077031016,LEG_K_ROLL=5.473532,LEG_D_ROLL=0.10116315
[14:12:32]   Wrote baseline gains into params.py
[14:12:32] ========================================================================
[14:12:32]   [9/9] S9 — s09_integrated
[14:12:32] ========================================================================
[14:12:32]   Seeding from defaults: Q_PITCH=0.0436227,Q_PITCH_RATE=0.0492612,Q_VEL=0.00011401,R=1.56531,KP_V=0.00803185,KI_V=0.0473456,KP_YAW=0.338701,KI_YAW=0.0126353,LEG_K_S=0.168118,LEG_B_S=4.30375,LEG_K_ROLL=39.8377,LEG_D_ROLL=94.7142
[14:12:32]   Overlaid 22 keys from earlier steps: Q_PITCH=5.4025381,Q_PITCH_RATE=0.033407993,Q_VEL=0.0016521331,R=39.646999,KP_V=0.1787111,KI_V=0.040747381,KP_YAW=0.19324586,KI_YAW=0.22121895,LEG_K_S=19.795856,LEG_B_S=0.077031016,LEG_K_ROLL=5.473532,LEG_D_ROLL=0.10116315
[14:12:32]   Deleted S_s09_integrated.csv (--fresh)
[14:12:32]   CMD: C:\Users\ferna\AppData\Local\Microsoft\WindowsApps\PythonSoftwareFoundation.Python.3.13_qbz5n2kfra8p0\python.exe -m master_sim.optimizer.optimize_integrated --scenario s09_integrated --hours 0.06666666666666667 --patience 200 --tol 0.0001 --workers 8 --seed-gains Q_PITCH=5.4025381,Q_PITCH_RATE=0.033407993,Q_VEL=0.0016521331,R=39.646999,KP_V=0.1787111,KI_V=0.040747381,KP_YAW=0.19324586,KI_YAW=0.22121895,LEG_K_S=19.795856,LEG_B_S=0.077031016,LEG_K_ROLL=5.473532,LEG_D_ROLL=0.10116315
[14:16:37]   S9 done in 4.1 min — best: Q_PITCH=0.067932241,Q_PITCH_RATE=1.8855412,Q_VEL=0.00053895148,R=269.78864,KP_V=0.010342746,KI_V=0.055389002,KP_YAW=0.27205834,KI_YAW=0.0013367715,LEG_K_S=1.8637298,LEG_B_S=1.6628437,LEG_K_ROLL=98.550519,LEG_D_ROLL=0.34162593
[14:16:37]   [BASELINE] S9: Q_PITCH=0.067932241,Q_PITCH_RATE=1.8855412,Q_VEL=0.00053895148,R=269.78864,KP_V=0.010342746,KI_V=0.055389002,KP_YAW=0.27205834,KI_YAW=0.0013367715,LEG_K_S=1.8637298,LEG_B_S=1.6628437,LEG_K_ROLL=98.550519,LEG_D_ROLL=0.34162593
[14:16:37]   Wrote baseline gains into params.py
[14:16:37] ========================================================================
[14:16:37]   Pipeline complete — 37 min total
[14:16:37] ========================================================================
[14:16:37]   S1: Q_PITCH=0.31824234,Q_PITCH_RATE=8.6741191,Q_VEL=1.0272054e-07,R=7.0212944
[14:16:37]   S2 [BASELINE]: Q_PITCH=5.4025381,Q_PITCH_RATE=0.033407993,Q_VEL=0.0016521331,R=39.646999
[14:16:37]   S3: KP_V=0.19211455,KI_V=1.2621865
[14:16:37]   S4: KP_V=0.19211455,KI_V=1.2621865
[14:16:37]   S5 [BASELINE]: KP_V=0.1787111,KI_V=0.040747381
[14:16:37]   S6: KP_YAW=3.9993228,KI_YAW=1.5492402
[14:16:37]   S7 [BASELINE]: KP_YAW=0.19324586,KI_YAW=0.22121895
[14:16:37]   S8 [BASELINE]: LEG_K_S=19.795856,LEG_B_S=0.077031016,LEG_K_ROLL=5.473532,LEG_D_ROLL=0.10116315
[14:16:37]   S9 [BASELINE]: Q_PITCH=0.067932241,Q_PITCH_RATE=1.8855412,Q_VEL=0.00053895148,R=269.78864,KP_V=0.010342746,KI_V=0.055389002,KP_YAW=0.27205834,KI_YAW=0.0013367715,LEG_K_S=1.8637298,LEG_B_S=1.6628437,LEG_K_ROLL=98.550519,LEG_D_ROLL=0.34162593
[14:16:37] 
  All steps completed successfully.
