[16:37:49] ========================================================================
[16:37:49]   S1->S9 Pipeline  |  1 steps  |  0.08h/step  |  20260322_163749
[16:37:49] ========================================================================
[16:37:49]   Log: C:\Dropbox\Personal Projects\Robotics\wheeled-leg-robot\simulation\mujoco\master_sim\logs\pipeline_20260322_163749.log
[16:37:49]   Steps: ['S3']
[16:37:49] ========================================================================
[16:37:49]   [1/1] S3 — s03_vel_pi_disturbance
[16:37:49] ========================================================================
[16:37:49]   Seeding from RANDOM: KP_V=0.051533589,KI_V=27.980204,KFF_V=0.0091450347
[16:37:49]   Deleted S_s03_vel_pi_disturbance.csv (--fresh)
[16:37:49]   CMD: C:\Users\ferna\AppData\Local\Microsoft\WindowsApps\PythonSoftwareFoundation.Python.3.13_qbz5n2kfra8p0\python.exe -m master_sim.optimizer.optimize_vel_pi --scenario s03_vel_pi_disturbance --hours 0.08333333333333333 --patience 50 --tol 0.0001 --workers 8 --seed-gains KP_V=0.051533589,KI_V=27.980204,KFF_V=0.0091450347
[16:42:53]   S3 done in 5.1 min — best: KP_V=0.29249375,KI_V=0.24553698,KFF_V=0.0044316295
[16:42:53] ========================================================================
[16:42:53]   Pipeline complete — 5 min total
[16:42:53] ========================================================================
[16:42:53]   S1: Q_PITCH=0.31824234,Q_PITCH_RATE=8.6741191,Q_VEL=1.0272054e-07,R=7.0212944
[16:42:53]   S2 [BASELINE]: Q_PITCH=5.4025381,Q_PITCH_RATE=0.033407993,Q_VEL=0.0016521331,R=39.646999
[16:42:53]   S3: KP_V=0.29249375,KI_V=0.24553698,KFF_V=0.0044316295
[16:42:53] 
  All steps completed successfully.
