[21:17:56] ========================================================================
[21:17:56]   S1->S9 Pipeline  |  1 steps  |  0.08h/step  |  20260322_211756
[21:17:56] ========================================================================
[21:17:56]   Log: C:\Dropbox\Personal Projects\Robotics\wheeled-leg-robot\simulation\mujoco\master_sim\logs\pipeline_20260322_211756.log
[21:17:56]   Steps: ['S8']
[21:17:56] ========================================================================
[21:17:56]   [1/1] S8 — s08_terrain_compliance
[21:17:56] ========================================================================
[21:17:56]   Seeding from RANDOM: LEG_K_S=7.4883874,LEG_B_S=0.57853659,LEG_K_ROLL=0.026971063,LEG_D_ROLL=3.251271
[21:17:56]   Deleted S_s08_terrain_compliance.csv (--fresh)
[21:17:56]   CMD: C:\Users\ferna\AppData\Local\Microsoft\WindowsApps\PythonSoftwareFoundation.Python.3.13_qbz5n2kfra8p0\python.exe -m master_sim.optimizer.optimize_suspension --scenario s08_terrain_compliance --hours 0.08333333333333333 --patience 50 --tol 0.0001 --workers 8 --seed-gains LEG_K_S=7.4883874,LEG_B_S=0.57853659,LEG_K_ROLL=0.026971063,LEG_D_ROLL=3.251271
[21:23:01]   S8 done in 5.1 min — best: LEG_K_S=12.962437,LEG_B_S=0.10915113,LEG_K_ROLL=45.255859,LEG_D_ROLL=0.49191579
[21:23:01]   [BASELINE] S8: LEG_K_S=12.962437,LEG_B_S=0.10915113,LEG_K_ROLL=45.255859,LEG_D_ROLL=0.49191579
[21:23:01]   Wrote baseline gains into params.py
[21:23:01] ========================================================================
[21:23:01]   Pipeline complete — 5 min total
[21:23:01] ========================================================================
[21:23:01]   S1: Q_PITCH=0.31824234,Q_PITCH_RATE=8.6741191,Q_VEL=1.0272054e-07,R=7.0212944
[21:23:01]   S2 [BASELINE]: Q_PITCH=5.4025381,Q_PITCH_RATE=0.033407993,Q_VEL=0.0016521331,R=39.646999
[21:23:01]   S3: KP_V=0.011156208,KI_V=0.30819708,KFF_V=0.10849846
[21:23:01]   S6: KP_YAW=3.9993228,KI_YAW=1.5492402
[21:23:01]   S7 [BASELINE]: KP_YAW=0.19324586,KI_YAW=0.22121895
[21:23:01]   S8 [BASELINE]: LEG_K_S=12.962437,LEG_B_S=0.10915113,LEG_K_ROLL=45.255859,LEG_D_ROLL=0.49191579
[21:23:01] 
  All steps completed successfully.
