[16:06:16] ========================================================================
[16:06:16]   S1->S9 Pipeline  |  2 steps  |  0.08h/step  |  20260322_160616
[16:06:16] ========================================================================
[16:06:16]   Log: C:\Dropbox\Personal Projects\Robotics\wheeled-leg-robot\simulation\mujoco\master_sim\logs\pipeline_20260322_160616.log
[16:06:16]   Steps: ['S3', 'S4']
[16:06:16] ========================================================================
[16:06:16]   [1/2] S3 — s03_vel_pi_disturbance
[16:06:16] ========================================================================
[16:06:16]   Seeding from defaults: KP_V=0.2,KI_V=0.1,KFF_V=0.102
[16:06:16]   CMD: C:\Users\ferna\AppData\Local\Microsoft\WindowsApps\PythonSoftwareFoundation.Python.3.13_qbz5n2kfra8p0\python.exe -m master_sim.optimizer.optimize_vel_pi --scenario s03_vel_pi_disturbance --hours 0.08333333333333333 --patience 200 --tol 0.0001 --workers 8 --seed-gains KP_V=0.2,KI_V=0.1,KFF_V=0.102
[16:11:20]   ERROR: no PASS result after optimization
[16:11:20]   FAILED: S3
[16:11:20] ========================================================================
[16:11:20]   [2/2] S4 — s04_vel_pi_staircase
[16:11:20] ========================================================================
[16:11:20]   WARNING: S3 has no result — falling back to defaults
[16:11:20]   Seeding from defaults: KP_V=0.2,KI_V=0.1,KFF_V=0.102
[16:11:20]   CMD: C:\Users\ferna\AppData\Local\Microsoft\WindowsApps\PythonSoftwareFoundation.Python.3.13_qbz5n2kfra8p0\python.exe -m master_sim.optimizer.optimize_vel_pi --scenario s04_vel_pi_staircase --hours 0.08333333333333333 --patience 200 --tol 0.0001 --workers 8 --seed-gains KP_V=0.2,KI_V=0.1,KFF_V=0.102
[16:16:26]   ERROR: no PASS result after optimization
[16:16:26]   FAILED: S4
[16:16:26] ========================================================================
[16:16:26]   Pipeline complete — 10 min total
[16:16:26] ========================================================================
[16:16:26]   S1: Q_PITCH=0.31824234,Q_PITCH_RATE=8.6741191,Q_VEL=1.0272054e-07,R=7.0212944
[16:16:26]   S2 [BASELINE]: Q_PITCH=5.4025381,Q_PITCH_RATE=0.033407993,Q_VEL=0.0016521331,R=39.646999
[16:16:26] 
  FAILED: ['S3', 'S4']
