[16:58:05] ========================================================================
[16:58:05]   S1->S9 Pipeline  |  1 steps  |  0.08h/step  |  20260322_165805
[16:58:05] ========================================================================
[16:58:05]   Log: C:\Dropbox\Personal Projects\Robotics\wheeled-leg-robot\simulation\mujoco\master_sim\logs\pipeline_20260322_165805.log
[16:58:05]   Steps: ['S3']
[16:58:05] ========================================================================
[16:58:05]   [1/1] S3 — s03_vel_pi_disturbance
[16:58:05] ========================================================================
[16:58:05]   Seeding from RANDOM: KP_V=0.013538926,KI_V=0.0013564313,KFF_V=0.40048932
[16:58:05]   Deleted S_s03_vel_pi_disturbance.csv (--fresh)
[16:58:05]   CMD: C:\Users\ferna\AppData\Local\Microsoft\WindowsApps\PythonSoftwareFoundation.Python.3.13_qbz5n2kfra8p0\python.exe -m master_sim.optimizer.optimize_vel_pi --scenario s03_vel_pi_disturbance --hours 0.08333333333333333 --patience 50 --tol 0.0001 --workers 8 --seed-gains KP_V=0.013538926,KI_V=0.0013564313,KFF_V=0.40048932
[17:03:10]   S3 done in 5.1 min — best: KP_V=0.29363823,KI_V=0.28016264,KFF_V=0.5
[17:03:10] ========================================================================
[17:03:10]   Pipeline complete — 5 min total
[17:03:10] ========================================================================
[17:03:10]   S1: Q_PITCH=0.31824234,Q_PITCH_RATE=8.6741191,Q_VEL=1.0272054e-07,R=7.0212944
[17:03:10]   S2 [BASELINE]: Q_PITCH=5.4025381,Q_PITCH_RATE=0.033407993,Q_VEL=0.0016521331,R=39.646999
[17:03:10]   S3: KP_V=0.29363823,KI_V=0.28016264,KFF_V=0.5
[17:03:10] 
  All steps completed successfully.
