[23:51:49] ========================================================================
[23:51:49]   S1->S9 Pipeline  |  8 steps  |  1.00h/step  |  20260322_235149
[23:51:49] ========================================================================
[23:51:49]   Log: C:\Dropbox\Personal Projects\Robotics\wheeled-leg-robot\simulation\mujoco\master_sim\logs\pipeline_20260322_235149.log
[23:51:49]   Steps: ['S2', 'S3', 'S4', 'S5', 'S6', 'S7', 'S8', 'S9']
[23:51:49] ========================================================================
[23:51:49]   [1/8] S2 — s02_leg_height_gain_sched
[23:51:49] ========================================================================
[23:51:49]   Seeding from S1: Q_PITCH=1.7806581,Q_PITCH_RATE=0.56720888,Q_VEL=4.7726278e-07,R=0.16350004
[23:51:49]   Overlaid 4 keys from earlier steps: Q_PITCH=1.7806581,Q_PITCH_RATE=0.56720888,Q_VEL=4.7726278e-07,R=0.16350004
[23:51:49]   Skipping S2: existing PASS in S_s02_leg_height_gain_sched.csv
[23:51:49]   Best: Q_PITCH=5.4025381,Q_PITCH_RATE=0.033407993,Q_VEL=0.0016521331,R=39.646999
[23:51:49]   [BASELINE] S2: Q_PITCH=5.4025381,Q_PITCH_RATE=0.033407993,Q_VEL=0.0016521331,R=39.646999
[23:51:49]   Wrote baseline gains into params.py
[23:51:49] ========================================================================
[23:51:49]   [2/8] S3 — s03_vel_pi_disturbance
[23:51:49] ========================================================================
[23:51:49]   Seeding from defaults: KP_V=0.05,KI_V=0.1,KFF_V=0.108498
[23:51:49]   Skipping S3: existing PASS in S_s03_vel_pi_disturbance.csv
[23:51:49]   Best: KP_V=0.011156208,KI_V=0.30819708,KFF_V=0.10849846
[23:51:49] ========================================================================
[23:51:49]   [3/8] S4 — s04_vel_pi_staircase
[23:51:49] ========================================================================
[23:51:49]   Seeding from S3: KP_V=0.011156208,KI_V=0.30819708,KFF_V=0.10849846
[23:51:49]   Overlaid 3 keys from earlier steps: KP_V=0.011156208,KI_V=0.30819708,KFF_V=0.10849846
[23:51:49]   CMD: C:\Users\ferna\AppData\Local\Microsoft\WindowsApps\PythonSoftwareFoundation.Python.3.13_qbz5n2kfra8p0\python.exe -m master_sim.optimizer.optimize_vel_pi --scenario s04_vel_pi_staircase --hours 1.0 --patience 500 --tol 0.0001 --workers 8 --seed-gains KP_V=0.011156208,KI_V=0.30819708,KFF_V=0.10849846
