[12:49:56] ========================================================================
[12:49:56]   S1->S9 Pipeline  |  1 steps  |  0.17h/step  |  20260322_124956
[12:49:56] ========================================================================
[12:49:56]   Log: C:\Dropbox\Personal Projects\Robotics\wheeled-leg-robot\simulation\mujoco\master_sim\logs\pipeline_20260322_124956.log
[12:49:56]   Steps: ['S8']
[12:49:56] ========================================================================
[12:49:56]   [1/1] S8 — s08_terrain_compliance
[12:49:56] ========================================================================
[12:49:56]   Seeding from defaults: LEG_K_S=8.25628,LEG_B_S=0.0454207,LEG_K_ROLL=75.5951,LEG_D_ROLL=1.3799
[12:49:56]   Deleted S_s08_terrain_compliance.csv (--fresh)
[12:49:56]   CMD: C:\Users\ferna\AppData\Local\Microsoft\WindowsApps\PythonSoftwareFoundation.Python.3.13_qbz5n2kfra8p0\python.exe -m master_sim.optimizer.optimize_suspension --scenario s08_terrain_compliance --hours 0.16666666666666666 --patience 200 --tol 0.0001 --workers 8 --seed-gains LEG_K_S=8.25628,LEG_B_S=0.0454207,LEG_K_ROLL=75.5951,LEG_D_ROLL=1.3799
[13:00:01]   S8 done in 10.1 min — best: LEG_K_S=36.827145,LEG_B_S=0.43832919,LEG_K_ROLL=19.770435,LEG_D_ROLL=0.038514513
[13:00:01]   [BASELINE] S8: LEG_K_S=36.827145,LEG_B_S=0.43832919,LEG_K_ROLL=19.770435,LEG_D_ROLL=0.038514513
[13:00:01]   Wrote baseline gains into params.py
[13:00:01] ========================================================================
[13:00:01]   Pipeline complete — 10 min total
[13:00:01] ========================================================================
[13:00:01]   S1: Q_PITCH=0.01,Q_PITCH_RATE=0.0041720404,Q_VEL=1.5359802e-05,R=0.053128646
[13:00:01]   S2 [BASELINE]: Q_PITCH=0.029699621,Q_PITCH_RATE=0.02462768,Q_VEL=0.002497048,R=45.317901
[13:00:01]   S3: KP_V=0.19726146,KI_V=0.13234341
[13:00:01]   S4: KP_V=0.15799045,KI_V=0.068699829
[13:00:01]   S5 [BASELINE]: KP_V=0.17333111,KI_V=0.044118068
[13:00:01]   S6: KP_YAW=2.5694557,KI_YAW=1.8507524
[13:00:01]   S7 [BASELINE]: KP_YAW=0.19461285,KI_YAW=1.4446542
[13:00:01]   S8 [BASELINE]: LEG_K_S=36.827145,LEG_B_S=0.43832919,LEG_K_ROLL=19.770435,LEG_D_ROLL=0.038514513
[13:00:01] 
  All steps completed successfully.
