[17:10:14] ========================================================================
[17:10:14]   S1->S9 Pipeline  |  1 steps  |  0.33h/step  |  20260322_171014
[17:10:14] ========================================================================
[17:10:14]   Log: C:\Dropbox\Personal Projects\Robotics\wheeled-leg-robot\simulation\mujoco\master_sim\logs\pipeline_20260322_171014.log
[17:10:14]   Steps: ['S3']
[17:10:14] ========================================================================
[17:10:14]   [1/1] S3 — s03_vel_pi_disturbance
[17:10:14] ========================================================================
[17:10:14]   Seeding from RANDOM: KP_V=44.281391,KI_V=0.0054784074,KFF_V=0.42468555
[17:10:14]   Deleted S_s03_vel_pi_disturbance.csv (--fresh)
[17:10:14]   CMD: C:\Users\ferna\AppData\Local\Microsoft\WindowsApps\PythonSoftwareFoundation.Python.3.13_qbz5n2kfra8p0\python.exe -m master_sim.optimizer.optimize_vel_pi --scenario s03_vel_pi_disturbance --hours 0.3333333333333333 --patience 50 --tol 0.0001 --workers 8 --seed-gains KP_V=44.281391,KI_V=0.0054784074,KFF_V=0.42468555
[17:13:22]   S3 done in 3.1 min — best: KP_V=0.0098034502,KI_V=0.3071545,KFF_V=0.1297759
[17:13:22] ========================================================================
[17:13:22]   Pipeline complete — 3 min total
[17:13:22] ========================================================================
[17:13:22]   S1: Q_PITCH=0.31824234,Q_PITCH_RATE=8.6741191,Q_VEL=1.0272054e-07,R=7.0212944
[17:13:22]   S2 [BASELINE]: Q_PITCH=5.4025381,Q_PITCH_RATE=0.033407993,Q_VEL=0.0016521331,R=39.646999
[17:13:22]   S3: KP_V=0.0098034502,KI_V=0.3071545,KFF_V=0.1297759
[17:13:22] 
  All steps completed successfully.
