[13:39:17] ========================================================================
[13:39:17]   S1->S9 Pipeline  |  9 steps  |  0.07h/step  |  20260322_133917
[13:39:17] ========================================================================
[13:39:17]   Log: C:\Dropbox\Personal Projects\Robotics\wheeled-leg-robot\simulation\mujoco\master_sim\logs\pipeline_20260322_133917.log
[13:39:17]   Steps: ['S1', 'S2', 'S3', 'S4', 'S5', 'S6', 'S7', 'S8', 'S9']
[13:39:17] ========================================================================
[13:39:17]   [1/9] S1 — s01_lqr_pitch_step
[13:39:17] ========================================================================
[13:39:17]   Seeding from defaults: Q_PITCH=0.250348,Q_PITCH_RATE=9.80976,Q_VEL=1e-06,R=6.98366
[13:39:17]   Skipping S1: existing PASS in S_s01_lqr_pitch_step.csv
[13:39:17]   Best: Q_PITCH=0.25034814,Q_PITCH_RATE=9.8097567,Q_VEL=0,R=6.9836595
[13:39:17] ========================================================================
[13:39:17]   [2/9] S2 — s02_leg_height_gain_sched
[13:39:17] ========================================================================
[13:39:17]   Seeding from S1: Q_PITCH=0.25034814,Q_PITCH_RATE=9.8097567,Q_VEL=0,R=6.9836595
[13:39:17]   Overlaid 4 keys from earlier steps: Q_PITCH=0.25034814,Q_PITCH_RATE=9.8097567,Q_VEL=0,R=6.9836595
[13:39:17]   Skipping S2: existing PASS in S_s02_leg_height_gain_sched.csv
[13:39:17]   Best: Q_PITCH=0.029699621,Q_PITCH_RATE=0.02462768,Q_VEL=0.002497048,R=45.317901
[13:39:17]   [BASELINE] S2: Q_PITCH=0.029699621,Q_PITCH_RATE=0.02462768,Q_VEL=0.002497048,R=45.317901
[13:39:17]   Wrote baseline gains into params.py
[13:39:17] ========================================================================
[13:39:17]   [3/9] S3 — s03_vel_pi_disturbance
[13:39:17] ========================================================================
[13:39:17]   Seeding from defaults: KP_V=0.00803185,KI_V=0.0473456
[13:39:17]   Skipping S3: existing PASS in S_s03_vel_pi_disturbance.csv
[13:39:17]   Best: KP_V=0.19726146,KI_V=0.13234341
[13:39:17] ========================================================================
[13:39:17]   [4/9] S4 — s04_vel_pi_staircase
[13:39:17] ========================================================================
[13:39:17]   Seeding from S3: KP_V=0.19726146,KI_V=0.13234341
[13:39:17]   Overlaid 2 keys from earlier steps: KP_V=0.19726146,KI_V=0.13234341
[13:39:17]   Skipping S4: existing PASS in S_s04_vel_pi_staircase.csv
[13:39:17]   Best: KP_V=0.15799045,KI_V=0.068699829
[13:39:17] ========================================================================
[13:39:17]   [5/9] S5 — s05_vel_pi_leg_cycling
[13:39:17] ========================================================================
[13:39:17]   Seeding from S4: KP_V=0.15799045,KI_V=0.068699829
[13:39:17]   Overlaid 4 keys from earlier steps: KP_V=0.19726146,KI_V=0.13234341
[13:39:17]   Skipping S5: existing PASS in S_s05_vel_pi_leg_cycling.csv
[13:39:17]   Best: KP_V=0.17333111,KI_V=0.044118068
[13:39:17]   [BASELINE] S5: KP_V=0.17333111,KI_V=0.044118068
[13:39:17]   Wrote baseline gains into params.py
[13:39:17] ========================================================================
[13:39:17]   [6/9] S6 — s06_yaw_pi_turn
[13:39:17] ========================================================================
[13:39:17]   Seeding from defaults: KP_YAW=0.338701,KI_YAW=0.0126353
[13:39:17]   Skipping S6: existing PASS in S_s06_yaw_pi_turn.csv
[13:39:17]   Best: KP_YAW=2.5694557,KI_YAW=1.8507524
[13:39:17] ========================================================================
[13:39:17]   [7/9] S7 — s07_drive_turn
[13:39:17] ========================================================================
[13:39:17]   Seeding from S6: KP_YAW=2.5694557,KI_YAW=1.8507524
[13:39:17]   Overlaid 2 keys from earlier steps: KP_YAW=2.5694557,KI_YAW=1.8507524
[13:39:17]   Skipping S7: existing PASS in S_s07_drive_turn.csv
[13:39:17]   Best: KP_YAW=0.19461285,KI_YAW=1.4446542
[13:39:17]   [BASELINE] S7: KP_YAW=0.19461285,KI_YAW=1.4446542
[13:39:17]   Wrote baseline gains into params.py
[13:39:17] ========================================================================
[13:39:17]   [8/9] S8 — s08_terrain_compliance
[13:39:17] ========================================================================
[13:39:17]   Seeding from defaults: LEG_K_S=36.8271,LEG_B_S=0.438329,LEG_K_ROLL=19.7704,LEG_D_ROLL=0.0385145
[13:39:17]   Skipping S8: existing PASS in S_s08_terrain_compliance.csv
[13:39:17]   Best: LEG_K_S=36.827145,LEG_B_S=0.43832919,LEG_K_ROLL=19.770435,LEG_D_ROLL=0.038514513
[13:39:17]   [BASELINE] S8: LEG_K_S=36.827145,LEG_B_S=0.43832919,LEG_K_ROLL=19.770435,LEG_D_ROLL=0.038514513
[13:39:17]   Wrote baseline gains into params.py
[13:39:17] ========================================================================
[13:39:17]   [9/9] S9 — s09_integrated
[13:39:17] ========================================================================
[13:39:17]   Seeding from defaults: Q_PITCH=0.250348,Q_PITCH_RATE=9.80976,Q_VEL=1e-06,R=6.98366,KP_V=0.00803185,KI_V=0.0473456,KP_YAW=0.338701,KI_YAW=0.0126353,LEG_K_S=36.8271,LEG_B_S=0.438329,LEG_K_ROLL=19.7704,LEG_D_ROLL=0.0385145
[13:39:17]   Overlaid 22 keys from earlier steps: Q_PITCH=0.029699621,Q_PITCH_RATE=0.02462768,Q_VEL=0.002497048,R=45.317901,KP_V=0.17333111,KI_V=0.044118068,KP_YAW=0.19461285,KI_YAW=1.4446542,LEG_K_S=36.827145,LEG_B_S=0.43832919,LEG_K_ROLL=19.770435,LEG_D_ROLL=0.038514513
[13:39:17]   Skipping S9: existing PASS in S_s09_integrated.csv
[13:39:17]   Best: Q_PITCH=0.043622703,Q_PITCH_RATE=0.049261182,Q_VEL=0.00011401274,R=1.5653053,KP_V=0.0080318468,KI_V=0.047345571,KP_YAW=0.33870133,KI_YAW=0.012635289,LEG_K_S=0.16811759,LEG_B_S=4.3037477,LEG_K_ROLL=39.837705,LEG_D_ROLL=94.714237
[13:39:17]   [BASELINE] S9: Q_PITCH=0.043622703,Q_PITCH_RATE=0.049261182,Q_VEL=0.00011401274,R=1.5653053,KP_V=0.0080318468,KI_V=0.047345571,KP_YAW=0.33870133,KI_YAW=0.012635289,LEG_K_S=0.16811759,LEG_B_S=4.3037477,LEG_K_ROLL=39.837705,LEG_D_ROLL=94.714237
[13:39:17]   Wrote baseline gains into params.py
[13:39:17] ========================================================================
[13:39:17]   Pipeline complete — 0 min total
[13:39:17] ========================================================================
[13:39:17]   S1: Q_PITCH=0.25034814,Q_PITCH_RATE=9.8097567,Q_VEL=0,R=6.9836595
[13:39:17]   S2 [BASELINE]: Q_PITCH=0.029699621,Q_PITCH_RATE=0.02462768,Q_VEL=0.002497048,R=45.317901
[13:39:17]   S3: KP_V=0.19726146,KI_V=0.13234341
[13:39:17]   S4: KP_V=0.19726146,KI_V=0.13234341
[13:39:17]   S5 [BASELINE]: KP_V=0.17333111,KI_V=0.044118068
[13:39:17]   S6: KP_YAW=2.5694557,KI_YAW=1.8507524
[13:39:17]   S7 [BASELINE]: KP_YAW=0.19461285,KI_YAW=1.4446542
[13:39:17]   S8 [BASELINE]: LEG_K_S=36.827145,LEG_B_S=0.43832919,LEG_K_ROLL=19.770435,LEG_D_ROLL=0.038514513
[13:39:17]   S9 [BASELINE]: Q_PITCH=0.043622703,Q_PITCH_RATE=0.049261182,Q_VEL=0.00011401274,R=1.5653053,KP_V=0.0080318468,KI_V=0.047345571,KP_YAW=0.33870133,KI_YAW=0.012635289,LEG_K_S=0.16811759,LEG_B_S=4.3037477,LEG_K_ROLL=39.837705,LEG_D_ROLL=94.714237
[13:39:17] 
  All steps completed successfully.
