[14:25:19] ========================================================================
[14:25:19]   S1->S9 Pipeline  |  1 steps  |  0.08h/step  |  20260322_142519
[14:25:19] ========================================================================
[14:25:19]   Log: C:\Dropbox\Personal Projects\Robotics\wheeled-leg-robot\simulation\mujoco\master_sim\logs\pipeline_20260322_142519.log
[14:25:19]   Steps: ['S8']
[14:25:19] ========================================================================
[14:25:19]   [1/1] S8 — s08_terrain_compliance
[14:25:19] ========================================================================
[14:25:19]   Seeding from defaults: LEG_K_S=1.86373,LEG_B_S=1.66284,LEG_K_ROLL=98.5505,LEG_D_ROLL=0.341626
[14:25:19]   Deleted S_s08_terrain_compliance.csv (--fresh)
[14:25:19]   CMD: C:\Users\ferna\AppData\Local\Microsoft\WindowsApps\PythonSoftwareFoundation.Python.3.13_qbz5n2kfra8p0\python.exe -m master_sim.optimizer.optimize_suspension --scenario s08_terrain_compliance --hours 0.08333333333333333 --patience 200 --tol 0.0001 --workers 8 --seed-gains LEG_K_S=1.86373,LEG_B_S=1.66284,LEG_K_ROLL=98.5505,LEG_D_ROLL=0.341626
[14:30:25]   S8 done in 5.1 min — best: LEG_K_S=61.475358,LEG_B_S=0.49279122,LEG_K_ROLL=9.454443,LEG_D_ROLL=0.0048388335
[14:30:25]   [BASELINE] S8: LEG_K_S=61.475358,LEG_B_S=0.49279122,LEG_K_ROLL=9.454443,LEG_D_ROLL=0.0048388335
[14:30:25]   Wrote baseline gains into params.py
[14:30:25] ========================================================================
[14:30:25]   Pipeline complete — 5 min total
[14:30:25] ========================================================================
[14:30:25]   S1: Q_PITCH=0.31824234,Q_PITCH_RATE=8.6741191,Q_VEL=1.0272054e-07,R=7.0212944
[14:30:25]   S2 [BASELINE]: Q_PITCH=5.4025381,Q_PITCH_RATE=0.033407993,Q_VEL=0.0016521331,R=39.646999
[14:30:25]   S3: KP_V=0.19211455,KI_V=1.2621865
[14:30:25]   S4: KP_V=0.16014877,KI_V=0.062111477
[14:30:25]   S5 [BASELINE]: KP_V=0.1787111,KI_V=0.040747381
[14:30:25]   S6: KP_YAW=3.9993228,KI_YAW=1.5492402
[14:30:25]   S7 [BASELINE]: KP_YAW=0.19324586,KI_YAW=0.22121895
[14:30:25]   S8 [BASELINE]: LEG_K_S=61.475358,LEG_B_S=0.49279122,LEG_K_ROLL=9.454443,LEG_D_ROLL=0.0048388335
[14:30:25] 
  All steps completed successfully.
