[12:48:23] ========================================================================
[12:48:23]   S1->S9 Pipeline  |  1 steps  |  0.17h/step  |  20260322_124823
[12:48:23] ========================================================================
[12:48:23]   Log: C:\Dropbox\Personal Projects\Robotics\wheeled-leg-robot\simulation\mujoco\master_sim\logs\pipeline_20260322_124823.log
[12:48:23]   Steps: ['S8']
[12:48:24] ========================================================================
[12:48:24]   [1/1] S8 — s08_terrain_compliance
[12:48:24] ========================================================================
[12:48:24]   Seeding from defaults: LEG_K_S=8.25628,LEG_B_S=0.0454207,LEG_K_ROLL=75.5951,LEG_D_ROLL=1.3799
[12:48:24]   Skipping S8: existing PASS in S_s08_terrain_compliance.csv
[12:48:24]   Best: LEG_K_S=8.2562763,LEG_B_S=0.045420692,LEG_K_ROLL=75.595084,LEG_D_ROLL=1.3798992
[12:48:24]   [BASELINE] S8: LEG_K_S=8.2562763,LEG_B_S=0.045420692,LEG_K_ROLL=75.595084,LEG_D_ROLL=1.3798992
[12:48:24]   Wrote baseline gains into params.py
[12:48:24] ========================================================================
[12:48:24]   Pipeline complete — 0 min total
[12:48:24] ========================================================================
[12:48:24]   S1: Q_PITCH=0.01,Q_PITCH_RATE=0.0041720404,Q_VEL=1.5359802e-05,R=0.053128646
[12:48:24]   S2 [BASELINE]: Q_PITCH=0.029699621,Q_PITCH_RATE=0.02462768,Q_VEL=0.002497048,R=45.317901
[12:48:24]   S3: KP_V=0.19726146,KI_V=0.13234341
[12:48:24]   S4: KP_V=0.15799045,KI_V=0.068699829
[12:48:24]   S5 [BASELINE]: KP_V=0.17333111,KI_V=0.044118068
[12:48:24]   S6: KP_YAW=2.5694557,KI_YAW=1.8507524
[12:48:24]   S7 [BASELINE]: KP_YAW=0.19461285,KI_YAW=1.4446542
[12:48:24]   S8 [BASELINE]: LEG_K_S=8.2562763,LEG_B_S=0.045420692,LEG_K_ROLL=75.595084,LEG_D_ROLL=1.3798992
[12:48:24] 
  All steps completed successfully.
